-------------------------------------------------------------------------------
Test set: com.api.automation.ParallelBuilder
-------------------------------------------------------------------------------
Tests run: 1, Failures: 1, Errors: 0, Skipped: 0, Time elapsed: 6.893 s <<< FAILURE! - in com.api.automation.ParallelBuilder
executeKarateTest  Time elapsed: 6.883 s  <<< FAILURE!
org.opentest4j.AssertionFailedError: expected: <0> but was: <12>
	at com.api.automation.ParallelBuilder.executeKarateTest(ParallelBuilder.java:21)

