-------------------------------------------------------------------------------
Test set: com.api.automation.getrequest.TestGetRunner
-------------------------------------------------------------------------------
Tests run: 11, Failures: 3, Errors: 0, Skipped: 0, Time elapsed: 1.012 s <<< FAILURE! - in com.api.automation.getrequest.TestGetRunner
runTest[2][1]  Time elapsed: 0.048 s  <<< FAILURE!
org.opentest4j.AssertionFailedError: 
match failed: EQUALS
  $ | not equal | actual array length is not equal to expected - 108:1 (LIST:LIST)
  [{"jobId":1,"jobTitle":"Software Engg","jobDescription":"To develop andriod application","experience":["Google","Apple","Mobile Iron"],"project":[{"projectName":"Movie App","technology":["Kotlin","SQL Lite","Gradle"]}]},{"jobId":68,"jobTitle":"Software Engg-2","jobDescription":"To develop android application and web application","experience":["Google","Apple","Mobile Iron"],"project":[{"projectName":"Movie App","technology":["Kotlin","SQL Lite","Gradle","Jenkins"]},{"projectName":"Movie App","technology":["Kotlin","SQL Lite","Gradle","Jenkins"]}]},{"jobId":34,"jobTitle":"Software Engg-3","jobDescription":"To develop andriod application and web application","experience":["Google","Apple","Mobile Iron"],"project":[{"projectName":"Movie App","technology":["Kotlin","SQL Lite","Gradle","Jenkins"]},{"projectName":"Movie App","technology":["Kotlin","SQL Lite","Gradle","Jenkins"]}]},{"jobId":41,"jobTitle":"Software Engg-2","jobDescription":"To develop android application and web application","experience":["Google","Apple","Mobile Iron"],"project":[{"projectName":"Movie App","technology":["Kotlin","SQL Lite","Gradle","Jenkins"]},{"projectName":"Movie App","technology":["Kotlin","SQL Lite","Gradle","Jenkins"]}]},{"jobId":12,"jobTitle":"Software Engg-2","jobDescription":"To develop andriod application","experience":["Google","Apple","Mobile Iron"],"project":[{"projectName":"Movie App","technology":["Kotlin","SQL Lite","Gradle"]}]},{"jobId":73,"jobTitle":"Software Engg-3","jobDescription":"To develop andriod application and web application","experience":["Google","Apple","Mobile Iron"],"project":[{"projectName":"Movie App","technology":["Kotlin","SQL Lite","Gradle","Jenkins"]},{"projectName":"Movie App","technology":["Kotlin","SQL Lite","Gradle","Jenkins"]}]},{"jobId":99999,"jobTitle":"Software Engg-2","jobDescription":"To develop andriod application","experience":["Google","Apple","Mobile Iron"],"project":[{"projectName":"Movie App","technology":["Kotlin","SQL Lite","Gradle"]}]},{"jobId":38,"jobTitle":"Software Engg-3","jobDescription":"To develop andriod application and web application","experience":["Google","Apple","Mobile Iron"],"project":[{"projectName":"Movie App","technology":["Kotlin","SQL Lite","Gradle","Jenkins"]},{"projectName":"Movie App","technology":["Kotlin","SQL Lite","Gradle","Jenkins"]}]},{"jobId":96,"jobTitle":"Software Engg-3","jobDescription":"To develop andriod application and web application","experience":["Google","Apple","Mobile Iron"],"project":[{"projectName":"Movie App","technology":["Kotlin","SQL Lite","Gradle","Jenkins"]},{"projectName":"Movie App","technology":["Kotlin","SQL Lite","Gradle","Jenkins"]}]},{"jobId":48,"jobTitle":"Software Engg-2","jobDescription":"To develop andriod application","experience":["Google","Apple","Mobile Iron"],"project":[{"projectName":"Movie App","technology":["Kotlin","SQL Lite","Gradle"]}]},{"jobId":6,"jobTitle":"Software Engg-3","jobDescription":"To develop andriod application and web application","experience":["Google","Apple","Mobile Iron"],"project":[{"projectName":"Movie App","technology":["Kotlin","SQL Lite","Gradle","Jenkins"]},{"projectName":"Movie App","technology":["Kotlin","SQL Lite","Gradle","Jenkins"]}]},{"jobId":88,"jobTitle":"Software Engg-2","jobDescription":"To develop android application and web application","experience":["Google","Apple","Mobile Iron"],"project":[{"projectName":"Movie App","technology":["Kotlin","SQL Lite","Gradle"]}]},{"jobId":9,"jobTitle":"Software Engg-3","jobDescription":"To develop andriod application and web application","experience":["Google","Apple","Mobile Iron"],"project":[{"projectName":"Movie App","technology":["Kotlin","SQL Lite","Gradle","Jenkins"]},{"projectName":"Movie App","technology":["Kotlin","SQL Lite","Gradle","Jenkins"]}]},{"jobId":8,"jobTitle":"Software Engg-2","jobDescription":"To develop andriod application","experience":["Google","Apple","Mobile Iron"],"project":[{"projectName":"Movie App","technology":["Kotlin","SQL Lite","Gradle"]}]},{"jobId":7,"jobTitle":"Software Engg-3","jobDescription":"To develop andriod application and web application","experience":["Google","Apple","Mobile Iron"],"project":[{"projectName":"Movie App","technology":["Kotlin","SQL Lite","Gradle","Jenkins"]},{"projectName":"Movie App","technology":["Kotlin","SQL Lite","Gradle","Jenkins"]}]},{"jobId":13,"jobTitle":"Software Engg-2","jobDescription":"To develop andriod application","experience":["Google","Apple","Mobile Iron"],"project":[{"projectName":"Movie App","technology":["Kotlin","SQL Lite","Gradle"]}]},{"jobId":53,"jobTitle":"Software Engg-2","jobDescription":"To develop android application and web application","experience":["Google","Apple","Mobile Iron"],"project":[{"projectName":"Movie App","technology":["Kotlin","SQL Lite","Gradle"]}]},{"jobId":8,"jobTitle":"Software Engg-2","jobDescription":"To develop andriod application","experience":["Google","Apple","Mobile Iron"],"project":[{"projectName":"Movie App","technology":["Kotlin","SQL Lite","Gradle"]}]},{"jobId":8,"jobTitle":"Software Engg-2","jobDescription":"To develop andriod application","experience":["Google","Apple","Mobile Iron"],"project":[{"projectName":"Movie App","technology":["Kotlin","SQL Lite","Gradle"]}]},{"jobId":9980,"jobTitle":"Software Engg-2","jobDescription":"To develop android application","experience":["Google","Apple","Mobile Iron"],"project":[{"projectName":"Movie App","technology":["Kotlin","SQL Lite","Gradle"]}]},{"jobId":80,"jobTitle":"Software Engg-2","jobDescription":"To develop andriod application","experience":["Google","Apple","Mobile Iron"],"project":[{"projectName":"Movie App","technology":["Kotlin","SQL Lite","Gradle"]}]},{"jobId":49,"jobTitle":"Software Engg-3","jobDescription":"To develop andriod application and web application","experience":["Google","Apple","Mobile Iron"],"project":[{"projectName":"Movie App","technology":["Kotlin","SQL Lite","Gradle","Jenkins"]},{"projectName":"Movie App","technology":["Kotlin","SQL Lite","Gradle","Jenkins"]}]},{"jobId":82,"jobTitle":"Software Engg-3","jobDescription":"To develop andriod application and web application","experience":["Google","Apple","Mobile Iron"],"project":[{"projectName":"Movie App","technology":["Kotlin","SQL Lite","Gradle","Jenkins"]},{"projectName":"Movie App","technology":["Kotlin","SQL Lite","Gradle","Jenkins"]}]},{"jobId":45,"jobTitle":"Software Engg-3","jobDescription":"To develop andriod application and web application","experience":["Google","Apple","Mobile Iron"],"project":[{"projectName":"Movie App","technology":["Kotlin","SQL Lite","Gradle","Jenkins"]},{"projectName":"Movie App","technology":["Kotlin","SQL Lite","Gradle","Jenkins"]}]},{"jobId":26,"jobTitle":"Software Engg-2","jobDescription":"To develop andriod application","experience":["Google","Apple","Mobile Iron"],"project":[{"projectName":"Movie App","technology":["Kotlin","SQL Lite","Gradle"]}]},{"jobId":28,"jobTitle":"Software Engg-2","jobDescription":"To develop andriod application","experience":["Google","Apple","Mobile Iron"],"project":[{"projectName":"Movie App","technology":["Kotlin","SQL Lite","Gradle"]}]},{"jobId":8,"jobTitle":"Software Engg-2","jobDescription":"To develop andriod application","experience":["Google","Apple","Mobile Iron"],"project":[{"projectName":"Movie App","technology":["Kotlin","SQL Lite","Gradle"]}]},{"jobId":75,"jobTitle":"Software Engg-2","jobDescription":"To develop andriod application","experience":["Google","Apple","Mobile Iron"],"project":[{"projectName":"Movie App","technology":["Kotlin","SQL Lite","Gradle"]}]},{"jobId":8,"jobTitle":"Software Engg-2","jobDescription":"To develop andriod application","experience":["Google","Apple","Mobile Iron"],"project":[{"projectName":"Movie App","technology":["Kotlin","SQL Lite","Gradle"]}]},{"jobId":9980,"jobTitle":"Software Engg-2","jobDescription":"To develop android application","experience":["Google","Apple","Mobile Iron"],"project":[{"projectName":"Movie App","technology":["Kotlin","SQL Lite","Gradle"]}]},{"jobId":84,"jobTitle":"Software Engg-2","jobDescription":"To develop andriod application","experience":["Google","Apple","Mobile Iron"],"project":[{"projectName":"Movie App","technology":["Kotlin","SQL Lite","Gradle"]}]},{"jobId":31,"jobTitle":"Software Engg-3","jobDescription":"To develop andriod application and web application","experience":["Google","Apple","Mobile Iron"],"project":[{"projectName":"Movie App","technology":["Kotlin","SQL Lite","Gradle","Jenkins"]},{"projectName":"Movie App","technology":["Kotlin","SQL Lite","Gradle","Jenkins"]}]},{"jobId":87,"jobTitle":"Software Engg-2","jobDescription":"To develop andriod application","experience":["Google","Apple","Mobile Iron"],"project":[{"projectName":"Movie App","technology":["Kotlin","SQL Lite","Gradle"]}]},{"jobId":93,"jobTitle":"Software Engg-3","jobDescription":"To develop andriod application and web application","experience":["Google","Apple","Mobile Iron"],"project":[{"projectName":"Movie App","technology":["Kotlin","SQL Lite","Gradle","Jenkins"]},{"projectName":"Movie App","technology":["Kotlin","SQL Lite","Gradle","Jenkins"]}]},{"jobId":53,"jobTitle":"Software Engg-2","jobDescription":"To develop andriod application","experience":["Google","Apple","Mobile Iron"],"project":[{"projectName":"Movie App","technology":["Kotlin","SQL Lite","Gradle"]}]},{"jobId":51,"jobTitle":"Software Engg-2","jobDescription":"To develop andriod application","experience":["Google","Apple","Mobile Iron"],"project":[{"projectName":"Movie App","technology":["Kotlin","SQL Lite","Gradle"]}]},{"jobId":19,"jobTitle":"Software Engg-2","jobDescription":"To develop andriod application","experience":["Google","Apple","Mobile Iron"],"project":[{"projectName":"Movie App","technology":["Kotlin","SQL Lite","Gradle"]}]},{"jobId":93,"jobTitle":"Software Engg-2","jobDescription":"To develop andriod application","experience":["Google","Apple","Mobile Iron"],"project":[{"projectName":"Movie App","technology":["Kotlin","SQL Lite","Gradle"]}]},{"jobId":32,"jobTitle":"Software Engg-2","jobDescription":"To develop android application and web application","experience":["Google","Apple","Mobile Iron"],"project":[{"projectName":"Movie App","technology":["Kotlin","SQL Lite","Gradle"]}]},{"jobId":71,"jobTitle":"Software Engg-2","jobDescription":"To develop android application and web application","experience":["Google","Apple","Mobile Iron"],"project":[{"projectName":"Movie App","technology":["Kotlin","SQL Lite","Gradle"]}]},{"jobId":23,"jobTitle":"Software Engg-2","jobDescription":"To develop android application and web application","experience":["Google","Apple","Mobile Iron"],"project":[{"projectName":"Movie App","technology":["Kotlin","SQL Lite","Gradle"]}]},{"jobId":31,"jobTitle":"Software Engg-2","jobDescription":"To develop andriod application","experience":["Google","Apple","Mobile Iron"],"project":[{"projectName":"Movie App","technology":["Kotlin","SQL Lite","Gradle"]}]},{"jobId":10,"jobTitle":"Software Engg-2","jobDescription":"To develop andriod application","experience":["Google","Apple","Mobile Iron"],"project":[{"projectName":"Movie App","technology":["Kotlin","SQL Lite","Gradle"]}]},{"jobId":74,"jobTitle":"Software Engg-2","jobDescription":"To develop android application and web application","experience":["Google","Apple","Mobile Iron"],"project":[{"projectName":"Movie App","technology":["Kotlin","SQL Lite","Gradle"]}]},{"jobId":8,"jobTitle":"Software Engg-2","jobDescription":"To develop andriod application","experience":["Google","Apple","Mobile Iron"],"project":[{"projectName":"Movie App","technology":["Kotlin","SQL Lite","Gradle"]}]},{"jobId":38,"jobTitle":"Software Engg-2","jobDescription":"To develop andriod application","experience":["Google","Apple","Mobile Iron"],"project":[{"projectName":"Movie App","technology":["Kotlin","SQL Lite","Gradle"]}]},{"jobId":8,"jobTitle":"Software Engg-2","jobDescription":"To develop andriod application","experience":["Google","Apple","Mobile Iron"],"project":[{"projectName":"Movie App","technology":["Kotlin","SQL Lite","Gradle"]}]},{"jobId":9980,"jobTitle":"Software Engg-2","jobDescription":"To develop android application","experience":["Google","Apple","Mobile Iron"],"project":[{"projectName":"Movie App","technology":["Kotlin","SQL Lite","Gradle"]}]},{"jobId":5,"jobTitle":"Software Engg-3","jobDescription":"To develop andriod application and web application","experience":["Google","Apple","Mobile Iron"],"project":[{"projectName":"Movie App","technology":["Kotlin","SQL Lite","Gradle","Jenkins"]},{"projectName":"Movie App","technology":["Kotlin","SQL Lite","Gradle","Jenkins"]}]},{"jobId":16,"jobTitle":"Software Engg-3","jobDescription":"To develop andriod application and web application","experience":["Google","Apple","Mobile Iron"],"project":[{"projectName":"Movie App","technology":["Kotlin","SQL Lite","Gradle","Jenkins"]},{"projectName":"Movie App","technology":["Kotlin","SQL Lite","Gradle","Jenkins"]}]},{"jobId":1,"jobTitle":"Software Engg-2","jobDescription":"To develop andriod application","experience":["Google","Apple","Mobile Iron"],"project":[{"projectName":"Movie App","technology":["Kotlin","SQL Lite","Gradle"]}]},{"jobId":7,"jobTitle":"Software Engg-2","jobDescription":"To develop andriod application","experience":["Google","Apple","Mobile Iron"],"project":[{"projectName":"Movie App","technology":["Kotlin","SQL Lite","Gradle"]}]},{"jobId":35,"jobTitle":"Software Engg-2","jobDescription":"To develop android application and web application","experience":["Google","Apple","Mobile Iron"],"project":[{"projectName":"Movie App","technology":["Kotlin","SQL Lite","Gradle"]}]},{"jobId":48,"jobTitle":"Software Engg-2","jobDescription":"To develop andriod application","experience":["Google","Apple","Mobile Iron"],"project":[{"projectName":"Movie App","technology":["Kotlin","SQL Lite","Gradle"]}]},{"jobId":2,"jobTitle":"Software Engg-2","jobDescription":"To develop andriod application","experience":["Google","Apple","Mobile Iron"],"project":[{"projectName":"Movie App","technology":["Kotlin","SQL Lite","Gradle"]}]},{"jobId":88,"jobTitle":"Software Engg-2","jobDescription":"To develop andriod application","experience":["Google","Apple","Mobile Iron"],"project":[{"projectName":"Movie App","technology":["Kotlin","SQL Lite","Gradle"]}]},{"jobId":21,"jobTitle":"Software Engg-2","jobDescription":"To develop andriod application","experience":["Google","Apple","Mobile Iron"],"project":[{"projectName":"Movie App","technology":["Kotlin","SQL Lite","Gradle"]}]},{"jobId":71,"jobTitle":"Software Engg-2","jobDescription":"To develop andriod application","experience":["Google","Apple","Mobile Iron"],"project":[{"projectName":"Movie App","technology":["Kotlin","SQL Lite","Gradle"]}]},{"jobId":8,"jobTitle":"Software Engg-2","jobDescription":"To develop andriod application","experience":["Google","Apple","Mobile Iron"],"project":[{"projectName":"Movie App","technology":["Kotlin","SQL Lite","Gradle"]}]},{"jobId":94,"jobTitle":"Software Engg-2","jobDescription":"To develop andriod application","experience":["Google","Apple","Mobile Iron"],"project":[{"projectName":"Movie App","technology":["Kotlin","SQL Lite","Gradle"]}]},{"jobId":8,"jobTitle":"Software Engg-2","jobDescription":"To develop andriod application","experience":["Google","Apple","Mobile Iron"],"project":[{"projectName":"Movie App","technology":["Kotlin","SQL Lite","Gradle"]}]},{"jobId":9980,"jobTitle":"Software Engg-2","jobDescription":"To develop android application","experience":["Google","Apple","Mobile Iron"],"project":[{"projectName":"Movie App","technology":["Kotlin","SQL Lite","Gradle"]}]},{"jobId":89,"jobTitle":"Software Engg-3","jobDescription":"To develop andriod application and web application","experience":["Google","Apple","Mobile Iron"],"project":[{"projectName":"Movie App","technology":["Kotlin","SQL Lite","Gradle","Jenkins"]},{"projectName":"Movie App","technology":["Kotlin","SQL Lite","Gradle","Jenkins"]}]},{"jobId":35,"jobTitle":"Software Engg-2","jobDescription":"To develop andriod application","experience":["Google","Apple","Mobile Iron"],"project":[{"projectName":"Movie App","technology":["Kotlin","SQL Lite","Gradle"]}]},{"jobId":77,"jobTitle":"Software Engg-2","jobDescription":"To develop andriod application","experience":["Google","Apple","Mobile Iron"],"project":[{"projectName":"Movie App","technology":["Kotlin","SQL Lite","Gradle"]}]},{"jobId":50,"jobTitle":"Software Engg-3","jobDescription":"To develop andriod application and web application","experience":["Google","Apple","Mobile Iron"],"project":[{"projectName":"Movie App","technology":["Kotlin","SQL Lite","Gradle","Jenkins"]},{"projectName":"Movie App","technology":["Kotlin","SQL Lite","Gradle","Jenkins"]}]},{"jobId":33,"jobTitle":"Software Engg-2","jobDescription":"To develop andriod application","experience":["Google","Apple","Mobile Iron"],"project":[{"projectName":"Movie App","technology":["Kotlin","SQL Lite","Gradle"]}]},{"jobId":78,"jobTitle":"Software Engg-2","jobDescription":"To develop android application and web application","experience":["Google","Apple","Mobile Iron"],"project":[{"projectName":"Movie App","technology":["Kotlin","SQL Lite","Gradle"]}]},{"jobId":3,"jobTitle":"Software Engg-2","jobDescription":"To develop android application and web application","experience":["Google","Apple","Mobile Iron"],"project":[{"projectName":"Movie App","technology":["Kotlin","SQL Lite","Gradle"]}]},{"jobId":18,"jobTitle":"Software Engg-2","jobDescription":"To develop android application and web application","experience":["Google","Apple","Mobile Iron"],"project":[{"projectName":"Movie App","technology":["Kotlin","SQL Lite","Gradle"]}]},{"jobId":4,"jobTitle":"Software Engg-2","jobDescription":"To develop android application and web application","experience":["Google","Apple","Mobile Iron"],"project":[{"projectName":"Movie App","technology":["Kotlin","SQL Lite","Gradle"]}]},{"jobId":8,"jobTitle":"Software Engg-2","jobDescription":"To develop andriod application","experience":["Google","Apple","Mobile Iron"],"project":[{"projectName":"Movie App","technology":["Kotlin","SQL Lite","Gradle"]}]},{"jobId":28,"jobTitle":"Software Engg-2","jobDescription":"To develop andriod application","experience":["Google","Apple","Mobile Iron"],"project":[{"projectName":"Movie App","technology":["Kotlin","SQL Lite","Gradle"]}]},{"jobId":9980,"jobTitle":"Software Engg-2","jobDescription":"To develop android application","experience":["Google","Apple","Mobile Iron"],"project":[{"projectName":"Movie App","technology":["Kotlin","SQL Lite","Gradle"]}]},{"jobId":8,"jobTitle":"Software Engg-2","jobDescription":"To develop andriod application","experience":["Google","Apple","Mobile Iron"],"project":[{"projectName":"Movie App","technology":["Kotlin","SQL Lite","Gradle"]}]},{"jobId":17,"jobTitle":"Software Engg-3","jobDescription":"To develop andriod application and web application","experience":["Google","Apple","Mobile Iron"],"project":[{"projectName":"Movie App","technology":["Kotlin","SQL Lite","Gradle","Jenkins"]},{"projectName":"Movie App","technology":["Kotlin","SQL Lite","Gradle","Jenkins"]}]},{"jobId":94,"jobTitle":"Software Engg-2","jobDescription":"To develop andriod application","experience":["Google","Apple","Mobile Iron"],"project":[{"projectName":"Movie App","technology":["Kotlin","SQL Lite","Gradle"]}]},{"jobId":83,"jobTitle":"Software Engg-3","jobDescription":"To develop andriod application and web application","experience":["Google","Apple","Mobile Iron"],"project":[{"projectName":"Movie App","technology":["Kotlin","SQL Lite","Gradle","Jenkins"]},{"projectName":"Movie App","technology":["Kotlin","SQL Lite","Gradle","Jenkins"]}]},{"jobId":75,"jobTitle":"Software Engg-2","jobDescription":"To develop andriod application","experience":["Google","Apple","Mobile Iron"],"project":[{"projectName":"Movie App","technology":["Kotlin","SQL Lite","Gradle"]}]},{"jobId":86,"jobTitle":"Software Engg-3","jobDescription":"To develop andriod application and web application","experience":["Google","Apple","Mobile Iron"],"project":[{"projectName":"Movie App","technology":["Kotlin","SQL Lite","Gradle","Jenkins"]},{"projectName":"Movie App","technology":["Kotlin","SQL Lite","Gradle","Jenkins"]}]},{"jobId":40,"jobTitle":"Software Engg-2","jobDescription":"To develop android application and web application","experience":["Google","Apple","Mobile Iron"],"project":[{"projectName":"Movie App","technology":["Kotlin","SQL Lite","Gradle"]}]},{"jobId":66,"jobTitle":"Software Engg-2","jobDescription":"To develop android application and web application","experience":["Google","Apple","Mobile Iron"],"project":[{"projectName":"Movie App","technology":["Kotlin","SQL Lite","Gradle"]}]},{"jobId":18,"jobTitle":"Software Engg-2","jobDescription":"To develop andriod application","experience":["Google","Apple","Mobile Iron"],"project":[{"projectName":"Movie App","technology":["Kotlin","SQL Lite","Gradle"]}]},{"jobId":42,"jobTitle":"Software Engg-2","jobDescription":"To develop andriod application","experience":["Google","Apple","Mobile Iron"],"project":[{"projectName":"Movie App","technology":["Kotlin","SQL Lite","Gradle"]}]},{"jobId":68,"jobTitle":"Software Engg-2","jobDescription":"To develop andriod application","experience":["Google","Apple","Mobile Iron"],"project":[{"projectName":"Movie App","technology":["Kotlin","SQL Lite","Gradle"]}]},{"jobId":96,"jobTitle":"Software Engg-2","jobDescription":"To develop andriod application","experience":["Google","Apple","Mobile Iron"],"project":[{"projectName":"Movie App","technology":["Kotlin","SQL Lite","Gradle"]}]},{"jobId":59,"jobTitle":"Software Engg-2","jobDescription":"To develop android application and web application","experience":["Google","Apple","Mobile Iron"],"project":[{"projectName":"Movie App","technology":["Kotlin","SQL Lite","Gradle"]}]},{"jobId":8,"jobTitle":"Software Engg-2","jobDescription":"To develop andriod application","experience":["Google","Apple","Mobile Iron"],"project":[{"projectName":"Movie App","technology":["Kotlin","SQL Lite","Gradle"]}]},{"jobId":32,"jobTitle":"Software Engg-2","jobDescription":"To develop andriod application","experience":["Google","Apple","Mobile Iron"],"project":[{"projectName":"Movie App","technology":["Kotlin","SQL Lite","Gradle"]}]},{"jobId":8,"jobTitle":"Software Engg-2","jobDescription":"To develop andriod application","experience":["Google","Apple","Mobile Iron"],"project":[{"projectName":"Movie App","technology":["Kotlin","SQL Lite","Gradle"]}]},{"jobId":9980,"jobTitle":"Software Engg-2","jobDescription":"To develop android application","experience":["Google","Apple","Mobile Iron"],"project":[{"projectName":"Movie App","technology":["Kotlin","SQL Lite","Gradle"]}]},{"jobId":6,"jobTitle":"Software Engg-2","jobDescription":"To develop andriod application","experience":["Google","Apple","Mobile Iron"],"project":[{"projectName":"Movie App","technology":["Kotlin","SQL Lite","Gradle"]}]},{"jobId":57,"jobTitle":"Software Engg-3","jobDescription":"To develop andriod application and web application","experience":["Google","Apple","Mobile Iron"],"project":[{"projectName":"Movie App","technology":["Kotlin","SQL Lite","Gradle","Jenkins"]},{"projectName":"Movie App","technology":["Kotlin","SQL Lite","Gradle","Jenkins"]}]},{"jobId":19,"jobTitle":"Software Engg-2","jobDescription":"To develop andriod application","experience":["Google","Apple","Mobile Iron"],"project":[{"projectName":"Movie App","technology":["Kotlin","SQL Lite","Gradle"]}]},{"jobId":29,"jobTitle":"Software Engg-3","jobDescription":"To develop andriod application and web application","experience":["Google","Apple","Mobile Iron"],"project":[{"projectName":"Movie App","technology":["Kotlin","SQL Lite","Gradle","Jenkins"]},{"projectName":"Movie App","technology":["Kotlin","SQL Lite","Gradle","Jenkins"]}]},{"jobId":130,"jobTitle":"Software Engg-3","jobDescription":"To develop andriod application and web application","experience":["Google","Apple","Mobile Iron"],"project":[{"projectName":"Movie App","technology":["Kotlin","SQL Lite","Gradle","Jenkins"]},{"projectName":"Movie App","technology":["Kotlin","SQL Lite","Gradle","Jenkins"]}]},{"jobId":90,"jobTitle":"Software Engg-2","jobDescription":"To develop android application and web application","experience":["Google","Apple","Mobile Iron"],"project":[{"projectName":"Movie App","technology":["Kotlin","SQL Lite","Gradle"]}]},{"jobId":60,"jobTitle":"Software Engg-3","jobDescription":"To develop andriod application and web application","experience":["Google","Apple","Mobile Iron"],"project":[{"projectName":"Movie App","technology":["Kotlin","SQL Lite","Gradle","Jenkins"]},{"projectName":"Movie App","technology":["Kotlin","SQL Lite","Gradle","Jenkins"]}]},{"jobId":92,"jobTitle":"Software Engg-2","jobDescription":"To develop android application and web application","experience":["Google","Apple","Mobile Iron"],"project":[{"projectName":"Movie App","technology":["Kotlin","SQL Lite","Gradle"]}]},{"jobId":90,"jobTitle":"Software Engg-2","jobDescription":"To develop andriod application","experience":["Google","Apple","Mobile Iron"],"project":[{"projectName":"Movie App","technology":["Kotlin","SQL Lite","Gradle"]}]},{"jobId":25,"jobTitle":"Software Engg-2","jobDescription":"To develop andriod application","experience":["Google","Apple","Mobile Iron"],"project":[{"projectName":"Movie App","technology":["Kotlin","SQL Lite","Gradle"]}]},{"jobId":0,"jobTitle":"Software Engg-2","jobDescription":"To develop android application and web application","experience":["Google","Apple","Mobile Iron"],"project":[{"projectName":"Movie App","technology":["Kotlin","SQL Lite","Gradle"]}]},{"jobId":53,"jobTitle":"Software Engg-2","jobDescription":"To develop andriod application","experience":["Google","Apple","Mobile Iron"],"project":[{"projectName":"Movie App","technology":["Kotlin","SQL Lite","Gradle"]}]},{"jobId":37,"jobTitle":"Software Engg-2","jobDescription":"To develop android application and web application","experience":["Google","Apple","Mobile Iron"],"project":[{"projectName":"Movie App","technology":["Kotlin","SQL Lite","Gradle"]}]},{"jobId":41,"jobTitle":"Software Engg-2","jobDescription":"To develop andriod application","experience":["Google","Apple","Mobile Iron"],"project":[{"projectName":"Movie App","technology":["Kotlin","SQL Lite","Gradle"]}]},{"jobId":40,"jobTitle":"Software Engg-2","jobDescription":"To develop andriod application","experience":["Google","Apple","Mobile Iron"],"project":[{"projectName":"Movie App","technology":["Kotlin","SQL Lite","Gradle"]}]},{"jobId":0,"jobTitle":"Software Engg-2","jobDescription":"To develop andriod application","experience":["Google","Apple","Mobile Iron"],"project":[{"projectName":"Movie App","technology":["Kotlin","SQL Lite","Gradle"]}]},{"jobId":76,"jobTitle":"Software Engg-2","jobDescription":"To develop andriod application","experience":["Google","Apple","Mobile Iron"],"project":[{"projectName":"Movie App","technology":["Kotlin","SQL Lite","Gradle"]}]}]
  [{"jobId":1,"jobTitle":"Software Engg","jobDescription":"To develop andriod application","experience":["Google","Apple","Mobile Iron"],"project":[{"projectName":"Movie App","technology":["Kotlin","SQL Lite","Gradle"]}]}]


classpath:com/api/automation/getrequest/responseMatcher.feature:17

runTest[4][1]  Time elapsed: 0.062 s  <<< FAILURE!
org.opentest4j.AssertionFailedError: 
match failed: EQUALS
  $ | data types don't match (LIST:STRING)
  ["1","68","34","41","12","73","99999","38","96","48","6","88","9","8","7","13","53","8","8","9980","80","49","82","45","26","28","8","75","8","9980","84","31","87","93","53","51","19","93","32","71","23","31","10","74","8","38","8","9980","5","16","1","7","35","48","2","88","21","71","8","94","8","9980","89","35","77","50","33","78","3","18","4","8","28","9980","8","17","94","83","75","86","40","66","18","42","68","96","59","8","32","8","9980","6","57","19","29","130","90","60","92","90","25","0","53","37","41","40","0","76"]
  '1'

classpath:com/api/automation/getrequest/validateXMLResponse.feature:16

runTest[4][2]  Time elapsed: 0.218 s  <<< FAILURE!
org.opentest4j.AssertionFailedError: 
js failed:
>>>>
01: response.List.item.experience.experience[0]
<<<<
org.graalvm.polyglot.PolyglotException: TypeError: Cannot read property "experience" from undefined
- <js>.:program(Unnamed:1)

classpath:com/api/automation/getrequest/validateXMLResponse.feature:31

