<?xml version="1.0" encoding="UTF-8"?>
<testsuite xmlns:xsi="http://www.w3.org/2001/XMLSchema-instance" xsi:noNamespaceSchemaLocation="https://maven.apache.org/surefire/maven-surefire-plugin/xsd/surefire-test-report.xsd" name="com.api.automation.postrequest.datadriven.TestDataDrivenRunner" time="0.218" tests="6" errors="0" skipped="0" failures="3">
  <properties>
[...]
</properties>
  <testcase name="runTest[1][1]" classname="com.api.automation.postrequest.datadriven.TestDataDrivenRunner" time="0.017"/>
  <testcase name="runTest[1][2]" classname="com.api.automation.postrequest.datadriven.TestDataDrivenRunner" time="0.013"/>
  <testcase name="runTest[1][3]" classname="com.api.automation.postrequest.datadriven.TestDataDrivenRunner" time="0.017"/>
  <testcase name="runTest[1][4]" classname="com.api.automation.postrequest.datadriven.TestDataDrivenRunner" time="0.021">
    <failure message="no step-definition method match found for: status &lt;status&gt;&#10;classpath:com/api/automation/postrequest/datadriven/postDataDriven.feature:28" type="org.opentest4j.AssertionFailedError"><![CDATA[org.opentest4j.AssertionFailedError: 
no step-definition method match found for: status <status>
classpath:com/api/automation/postrequest/datadriven/postDataDriven.feature:28
]]></failure>
    <system-out><![CDATA[01:09:50.111 [main] INFO  com.intuit.karate - karate.env system property was: null 
01:09:50.112 [main] DEBUG c.intuit.karate.core.ScenarioEngine - over-writing existing variable 'testdata' with new value: read("testData.csv")
01:09:50.119 [main] DEBUG com.intuit.karate - request:
1 > POST http://localhost:9897/normal/webapi/add
1 > Accept: application/json
1 > Content-Type: application/json; charset=UTF-8
1 > Content-Length: 212
1 > Host: localhost:9897
1 > Connection: Keep-Alive
1 > User-Agent: Apache-HttpClient/4.5.13 (Java/11.0.13)
1 > Accept-Encoding: gzip,deflate
{"jobId":"#(jobId)","jobTitle":"#(jobTitle)","jobDescription":"#(jobDescription)","experience":["Google","Apple","Mobile Iron"],"project":[{"projectName":"Movie App","technology":["Kotlin","SQL Lite","Gradle"]}]}

01:09:50.125 [main] DEBUG com.intuit.karate - response time in milliseconds: 5
1 < 400
1 < X-Content-Type-Options: nosniff
1 < X-XSS-Protection: 1; mode=block
1 < Cache-Control: no-cache, no-store, max-age=0, must-revalidate
1 < Pragma: no-cache
1 < Expires: 0
1 < X-Frame-Options: DENY
1 < Content-Type: application/json
1 < Transfer-Encoding: chunked
1 < Date: Wed, 19 Jan 2022 19:39:50 GMT
1 < Connection: close
{"timestamp":"2022-01-19T19:39:50.123+0000","status":400,"error":"Bad Request","message":"JSON parse error: Cannot deserialize value of type `int` from String \"#(jobId)\": not a valid Integer value; nested exception is com.fasterxml.jackson.databind.exc.InvalidFormatException: Cannot deserialize value of type `int` from String \"#(jobId)\": not a valid Integer value\n at [Source: (PushbackInputStream); line: 1, column: 10] (through reference chain: com.lab.jobportal.model.Job[\"jobId\"])","path":"/normal/webapi/add"}
01:09:50.126 [main] ERROR com.intuit.karate - classpath:com/api/automation/postrequest/datadriven/postDataDriven.feature:28
And status <status>
no step-definition method match found for: status <status>
classpath:com/api/automation/postrequest/datadriven/postDataDriven.feature:28
]]></system-out>
  </testcase>
  <testcase name="runTest[1][5]" classname="com.api.automation.postrequest.datadriven.TestDataDrivenRunner" time="0.018">
    <failure message="no step-definition method match found for: status &lt;status&gt;&#10;classpath:com/api/automation/postrequest/datadriven/postDataDriven.feature:28" type="org.opentest4j.AssertionFailedError"><![CDATA[org.opentest4j.AssertionFailedError: 
no step-definition method match found for: status <status>
classpath:com/api/automation/postrequest/datadriven/postDataDriven.feature:28
]]></failure>
    <system-out><![CDATA[01:09:50.130 [main] INFO  com.intuit.karate - karate.env system property was: null 
01:09:50.131 [main] DEBUG c.intuit.karate.core.ScenarioEngine - over-writing existing variable 'testdata' with new value: read("testData.csv")
01:09:50.135 [main] DEBUG com.intuit.karate - request:
1 > POST http://localhost:9897/normal/webapi/add
1 > Accept: application/json
1 > Content-Type: application/json; charset=UTF-8
1 > Content-Length: 212
1 > Host: localhost:9897
1 > Connection: Keep-Alive
1 > User-Agent: Apache-HttpClient/4.5.13 (Java/11.0.13)
1 > Accept-Encoding: gzip,deflate
{"jobId":"#(jobId)","jobTitle":"#(jobTitle)","jobDescription":"#(jobDescription)","experience":["Google","Apple","Mobile Iron"],"project":[{"projectName":"Movie App","technology":["Kotlin","SQL Lite","Gradle"]}]}

01:09:50.141 [main] DEBUG com.intuit.karate - response time in milliseconds: 6
1 < 400
1 < X-Content-Type-Options: nosniff
1 < X-XSS-Protection: 1; mode=block
1 < Cache-Control: no-cache, no-store, max-age=0, must-revalidate
1 < Pragma: no-cache
1 < Expires: 0
1 < X-Frame-Options: DENY
1 < Content-Type: application/json
1 < Transfer-Encoding: chunked
1 < Date: Wed, 19 Jan 2022 19:39:50 GMT
1 < Connection: close
{"timestamp":"2022-01-19T19:39:50.140+0000","status":400,"error":"Bad Request","message":"JSON parse error: Cannot deserialize value of type `int` from String \"#(jobId)\": not a valid Integer value; nested exception is com.fasterxml.jackson.databind.exc.InvalidFormatException: Cannot deserialize value of type `int` from String \"#(jobId)\": not a valid Integer value\n at [Source: (PushbackInputStream); line: 1, column: 10] (through reference chain: com.lab.jobportal.model.Job[\"jobId\"])","path":"/normal/webapi/add"}
01:09:50.142 [main] ERROR com.intuit.karate - classpath:com/api/automation/postrequest/datadriven/postDataDriven.feature:28
And status <status>
no step-definition method match found for: status <status>
classpath:com/api/automation/postrequest/datadriven/postDataDriven.feature:28
]]></system-out>
  </testcase>
  <testcase name="runTest[1][6]" classname="com.api.automation.postrequest.datadriven.TestDataDrivenRunner" time="0.118">
    <failure message="no step-definition method match found for: status &lt;status&gt;&#10;classpath:com/api/automation/postrequest/datadriven/postDataDriven.feature:28" type="org.opentest4j.AssertionFailedError"><![CDATA[org.opentest4j.AssertionFailedError: 
no step-definition method match found for: status <status>
classpath:com/api/automation/postrequest/datadriven/postDataDriven.feature:28
]]></failure>
    <system-out><![CDATA[01:09:50.146 [main] INFO  com.intuit.karate - karate.env system property was: null 
01:09:50.146 [main] DEBUG c.intuit.karate.core.ScenarioEngine - over-writing existing variable 'testdata' with new value: read("testData.csv")
01:09:50.151 [main] DEBUG com.intuit.karate - request:
1 > POST http://localhost:9897/normal/webapi/add
1 > Accept: application/json
1 > Content-Type: application/json; charset=UTF-8
1 > Content-Length: 212
1 > Host: localhost:9897
1 > Connection: Keep-Alive
1 > User-Agent: Apache-HttpClient/4.5.13 (Java/11.0.13)
1 > Accept-Encoding: gzip,deflate
{"jobId":"#(jobId)","jobTitle":"#(jobTitle)","jobDescription":"#(jobDescription)","experience":["Google","Apple","Mobile Iron"],"project":[{"projectName":"Movie App","technology":["Kotlin","SQL Lite","Gradle"]}]}

01:09:50.156 [main] DEBUG com.intuit.karate - response time in milliseconds: 5
1 < 400
1 < X-Content-Type-Options: nosniff
1 < X-XSS-Protection: 1; mode=block
1 < Cache-Control: no-cache, no-store, max-age=0, must-revalidate
1 < Pragma: no-cache
1 < Expires: 0
1 < X-Frame-Options: DENY
1 < Content-Type: application/json
1 < Transfer-Encoding: chunked
1 < Date: Wed, 19 Jan 2022 19:39:50 GMT
1 < Connection: close
{"timestamp":"2022-01-19T19:39:50.154+0000","status":400,"error":"Bad Request","message":"JSON parse error: Cannot deserialize value of type `int` from String \"#(jobId)\": not a valid Integer value; nested exception is com.fasterxml.jackson.databind.exc.InvalidFormatException: Cannot deserialize value of type `int` from String \"#(jobId)\": not a valid Integer value\n at [Source: (PushbackInputStream); line: 1, column: 10] (through reference chain: com.lab.jobportal.model.Job[\"jobId\"])","path":"/normal/webapi/add"}
01:09:50.157 [main] ERROR com.intuit.karate - classpath:com/api/automation/postrequest/datadriven/postDataDriven.feature:28
And status <status>
no step-definition method match found for: status <status>
classpath:com/api/automation/postrequest/datadriven/postDataDriven.feature:28
---------------------------------------------------------
feature: classpath:com/api/automation/postrequest/datadriven/postDataDriven.feature
scenarios:  6 | passed:  3 | failed:  3 | time: 0.0654
---------------------------------------------------------

Karate version: 1.1.0
======================================================
elapsed:   0.17 | threads:    1 | thread time: 0.07 
features:     1 | skipped:    0 | efficiency: 0.37
scenarios:    6 | passed:     3 | failed: 3
======================================================
>>> failed features:
no step-definition method match found for: status <status>
classpath:com/api/automation/postrequest/datadriven/postDataDriven.feature:28
no step-definition method match found for: status <status>
classpath:com/api/automation/postrequest/datadriven/postDataDriven.feature:28
no step-definition method match found for: status <status>
classpath:com/api/automation/postrequest/datadriven/postDataDriven.feature:28
<<<

HTML report: (paste into browser to view) | Karate version: 1.1.0
file:///C:/Users/002WFY744/eclipse-workspace/karateframework/target/karate-reports/karate-summary.html
===================================================================

]]></system-out>
  </testcase>
</testsuite>